# JRE version: OpenJDK Runtime Environment (17.0.18+8) (build 17.0.18+8-Ubuntu-124.04.1)
# Java VM: OpenJDK 64-Bit Server VM (17.0.18+8-Ubuntu-124.04.1, mixed mode, sharing, tiered, compressed oops, compressed class ptrs, g1 gc, linux-amd64)
Heap:
 garbage-first heap   total 37888K, used 13544K [0x00000000c3c00000, 0x0000000100000000)
  region size 1024K, 8 young (8192K), 2 survivors (2048K)
 Metaspace       used 23629K, committed 23936K, reserved 1114112K
  class space    used 2248K, committed 2432K, reserved 1048576K
GC Heap History (6 events):
Event: 2.091 GC heap before
{Heap before GC invocations=0 (full 0):
 garbage-first heap   total 65536K, used 13236K [0x00000000c3c00000, 0x0000000100000000)
  region size 1024K, 13 young (13312K), 0 survivors (0K)
 Metaspace       used 10048K, committed 10240K, reserved 1114112K
  class space    used 964K, committed 1088K, reserved 1048576K
}
Event: 2.102 GC heap after
{Heap after GC invocations=1 (full 0):
 garbage-first heap   total 65536K, used 3565K [0x00000000c3c00000, 0x0000000100000000)
  region size 1024K, 2 young (2048K), 2 survivors (2048K)
 Metaspace       used 10048K, committed 10240K, reserved 1114112K
  class space    used 964K, committed 1088K, reserved 1048576K
}
Event: 7.085 GC heap before
{Heap before GC invocations=1 (full 0):
 garbage-first heap   total 65536K, used 21997K [0x00000000c3c00000, 0x0000000100000000)
  region size 1024K, 20 young (20480K), 2 survivors (2048K)
 Metaspace       used 18155K, committed 18368K, reserved 1114112K
  class space    used 1644K, committed 1728K, reserved 1048576K
}
Event: 7.102 GC heap after
{Heap after GC invocations=2 (full 0):
 garbage-first heap   total 65536K, used 7054K [0x00000000c3c00000, 0x0000000100000000)
  region size 1024K, 3 young (3072K), 3 survivors (3072K)
 Metaspace       used 18155K, committed 18368K, reserved 1114112K
  class space    used 1644K, committed 1728K, reserved 1048576K
}
Event: 8.199 GC heap before
{Heap before GC invocations=2 (full 0):
 garbage-first heap   total 65536K, used 12174K [0x00000000c3c00000, 0x0000000100000000)
  region size 1024K, 9 young (9216K), 3 survivors (3072K)
 Metaspace       used 21315K, committed 21504K, reserved 1114112K
  class space    used 2023K, committed 2112K, reserved 1048576K
}
Event: 8.211 GC heap after
{Heap after GC invocations=3 (full 0):
 garbage-first heap   total 65536K, used 8221K [0x00000000c3c00000, 0x0000000100000000)
  region size 1024K, 2 young (2048K), 2 survivors (2048K)
 Metaspace       used 21315K, committed 21504K, reserved 1114112K
  class space    used 2023K, committed 2112K, reserved 1048576K
}

