# JRE version: OpenJDK Runtime Environment (17.0.18+8) (build 17.0.18+8-Ubuntu-124.04.1)
# Java VM: OpenJDK 64-Bit Server VM (17.0.18+8-Ubuntu-124.04.1, mixed mode, sharing, tiered, compressed oops, compressed class ptrs, g1 gc, linux-amd64)
Heap:
 garbage-first heap   total 37888K, used 13632K [0x00000000c3c00000, 0x0000000100000000)
  region size 1024K, 10 young (10240K), 4 survivors (4096K)
 Metaspace       used 23522K, committed 23808K, reserved 1114112K
  class space    used 2250K, committed 2432K, reserved 1048576K
GC Heap History (6 events):
Event: 1.915 GC heap before
{Heap before GC invocations=0 (full 0):
 garbage-first heap   total 65536K, used 14260K [0x00000000c3c00000, 0x0000000100000000)
  region size 1024K, 13 young (13312K), 0 survivors (0K)
 Metaspace       used 10364K, committed 10560K, reserved 1114112K
  class space    used 998K, committed 1088K, reserved 1048576K
}
Event: 1.934 GC heap after
{Heap after GC invocations=1 (full 0):
 garbage-first heap   total 65536K, used 3532K [0x00000000c3c00000, 0x0000000100000000)
  region size 1024K, 2 young (2048K), 2 survivors (2048K)
 Metaspace       used 10364K, committed 10560K, reserved 1114112K
  class space    used 998K, committed 1088K, reserved 1048576K
}
Event: 5.863 GC heap before
{Heap before GC invocations=1 (full 0):
 garbage-first heap   total 65536K, used 17868K [0x00000000c3c00000, 0x0000000100000000)
  region size 1024K, 16 young (16384K), 2 survivors (2048K)
 Metaspace       used 16805K, committed 16960K, reserved 1114112K
  class space    used 1509K, committed 1600K, reserved 1048576K
}
Event: 5.924 GC heap after
{Heap after GC invocations=2 (full 0):
 garbage-first heap   total 65536K, used 6494K [0x00000000c3c00000, 0x0000000100000000)
  region size 1024K, 2 young (2048K), 2 survivors (2048K)
 Metaspace       used 16805K, committed 16960K, reserved 1114112K
  class space    used 1509K, committed 1600K, reserved 1048576K
}
Event: 7.707 GC heap before
{Heap before GC invocations=2 (full 0):
 garbage-first heap   total 65536K, used 13662K [0x00000000c3c00000, 0x0000000100000000)
  region size 1024K, 10 young (10240K), 2 survivors (2048K)
 Metaspace       used 21330K, committed 21504K, reserved 1114112K
  class space    used 2029K, committed 2112K, reserved 1048576K
}
Event: 7.718 GC heap after
{Heap after GC invocations=3 (full 0):
 garbage-first heap   total 65536K, used 8199K [0x00000000c3c00000, 0x0000000100000000)
  region size 1024K, 4 young (4096K), 4 survivors (4096K)
 Metaspace       used 21330K, committed 21504K, reserved 1114112K
  class space    used 2029K, committed 2112K, reserved 1048576K
}

